<?xml version="1.0" encoding="UTF-8"?>
<!-- Generated by org.testng.reporters.JUnitXMLReporter -->
<testsuite hostname="LAPTOP-B6BGCJOT" ignored="1" name="Command line test" tests="3" failures="0" timestamp="2020-05-17T18:24:30 IRDT" time="29.796" errors="0">
  <testcase name="testIsPageAvailabe" time="23.6" classname="ir.divar.login.LoginTest"/>
  <testcase name="testIsLoginButtonAvailabe" time="0.283" classname="ir.divar.login.LoginTest"/>
  <testcase name="testFillMobileNumber" time="1.319" classname="ir.divar.login.LoginTest"/>
  <testcase name="testFail" time="0.0" classname="ir.divar.login.LoginTest">
    <ignored/>
  </testcase> <!-- testFail -->
</testsuite> <!-- Command line test -->
